ARM GAS  C:\Users\AURORA~1\AppData\Local\Temp\cciGjpP0.s 			page 1


   1              		.cpu cortex-m4
   2              		.arch armv7e-m
   3              		.fpu fpv4-sp-d16
   4              		.eabi_attribute 27, 1
   5              		.eabi_attribute 28, 1
   6              		.eabi_attribute 20, 1
   7              		.eabi_attribute 21, 1
   8              		.eabi_attribute 23, 3
   9              		.eabi_attribute 24, 1
  10              		.eabi_attribute 25, 1
  11              		.eabi_attribute 26, 1
  12              		.eabi_attribute 30, 6
  13              		.eabi_attribute 34, 1
  14              		.eabi_attribute 18, 4
  15              		.file	"bsp_fdcan.c"
  16              		.text
  17              	.Ltext0:
  18              		.cfi_sections	.debug_frame
  19              		.file 1 "Bsp/bsp_fdcan/bsp_fdcan.c"
  20              		.section	.text.fdcan_user_init,"ax",%progbits
  21              		.align	1
  22              		.global	fdcan_user_init
  23              		.syntax unified
  24              		.thumb
  25              		.thumb_func
  27              	fdcan_user_init:
  28              	.LFB132:
   1:Bsp/bsp_fdcan/bsp_fdcan.c **** #include "bsp_fdcan.h"
   2:Bsp/bsp_fdcan/bsp_fdcan.c **** 
   3:Bsp/bsp_fdcan/bsp_fdcan.c **** void fdcan_user_init()
   4:Bsp/bsp_fdcan/bsp_fdcan.c **** {
  29              		.loc 1 4 1
  30              		.cfi_startproc
  31              		@ args = 0, pretend = 0, frame = 24
  32              		@ frame_needed = 1, uses_anonymous_args = 0
  33 0000 80B5     		push	{r7, lr}
  34              	.LCFI0:
  35              		.cfi_def_cfa_offset 8
  36              		.cfi_offset 7, -8
  37              		.cfi_offset 14, -4
  38 0002 86B0     		sub	sp, sp, #24
  39              	.LCFI1:
  40              		.cfi_def_cfa_offset 32
  41 0004 00AF     		add	r7, sp, #0
  42              	.LCFI2:
  43              		.cfi_def_cfa_register 7
   5:Bsp/bsp_fdcan/bsp_fdcan.c ****     FDCAN_FilterTypeDef fdcan1_filter;
   6:Bsp/bsp_fdcan/bsp_fdcan.c **** 
   7:Bsp/bsp_fdcan/bsp_fdcan.c ****     HAL_FDCAN_ActivateNotification(&hfdcan1, FDCAN_IT_RX_FIFO0_NEW_MESSAGE, 0);
  44              		.loc 1 7 5
  45 0006 0022     		movs	r2, #0
  46 0008 0121     		movs	r1, #1
  47 000a 1048     		ldr	r0, .L3
  48 000c FFF7FEFF 		bl	HAL_FDCAN_ActivateNotification
   8:Bsp/bsp_fdcan/bsp_fdcan.c **** 
   9:Bsp/bsp_fdcan/bsp_fdcan.c ****     fdcan1_filter.IdType = FDCAN_STANDARD_ID;
  49              		.loc 1 9 26
ARM GAS  C:\Users\AURORA~1\AppData\Local\Temp\cciGjpP0.s 			page 2


  50 0010 0023     		movs	r3, #0
  51 0012 3B60     		str	r3, [r7]
  10:Bsp/bsp_fdcan/bsp_fdcan.c ****     fdcan1_filter.FilterIndex = 0;
  52              		.loc 1 10 31
  53 0014 0023     		movs	r3, #0
  54 0016 7B60     		str	r3, [r7, #4]
  11:Bsp/bsp_fdcan/bsp_fdcan.c ****     fdcan1_filter.FilterType = FDCAN_FILTER_RANGE;
  55              		.loc 1 11 30
  56 0018 0023     		movs	r3, #0
  57 001a BB60     		str	r3, [r7, #8]
  12:Bsp/bsp_fdcan/bsp_fdcan.c ****     fdcan1_filter.FilterConfig = FDCAN_FILTER_TO_RXFIFO0;
  58              		.loc 1 12 32
  59 001c 0123     		movs	r3, #1
  60 001e FB60     		str	r3, [r7, #12]
  13:Bsp/bsp_fdcan/bsp_fdcan.c ****     fdcan1_filter.FilterID1 = 0x0000;
  61              		.loc 1 13 29
  62 0020 0023     		movs	r3, #0
  63 0022 3B61     		str	r3, [r7, #16]
  14:Bsp/bsp_fdcan/bsp_fdcan.c ****     fdcan1_filter.FilterID2 = 0x07ff;
  64              		.loc 1 14 29
  65 0024 40F2FF73 		movw	r3, #2047
  66 0028 7B61     		str	r3, [r7, #20]
  15:Bsp/bsp_fdcan/bsp_fdcan.c **** 
  16:Bsp/bsp_fdcan/bsp_fdcan.c ****     if(HAL_FDCAN_ConfigFilter(&hfdcan1, &fdcan1_filter) != HAL_OK)
  67              		.loc 1 16 8
  68 002a 3B46     		mov	r3, r7
  69 002c 1946     		mov	r1, r3
  70 002e 0748     		ldr	r0, .L3
  71 0030 FFF7FEFF 		bl	HAL_FDCAN_ConfigFilter
  72 0034 0346     		mov	r3, r0
  73              		.loc 1 16 7 discriminator 1
  74 0036 002B     		cmp	r3, #0
  75 0038 01D0     		beq	.L2
  17:Bsp/bsp_fdcan/bsp_fdcan.c ****         Error_Handler();
  76              		.loc 1 17 9
  77 003a FFF7FEFF 		bl	Error_Handler
  78              	.L2:
  18:Bsp/bsp_fdcan/bsp_fdcan.c **** 
  19:Bsp/bsp_fdcan/bsp_fdcan.c ****     HAL_FDCAN_Start(&hfdcan1);
  79              		.loc 1 19 5
  80 003e 0348     		ldr	r0, .L3
  81 0040 FFF7FEFF 		bl	HAL_FDCAN_Start
  20:Bsp/bsp_fdcan/bsp_fdcan.c **** }
  82              		.loc 1 20 1
  83 0044 00BF     		nop
  84 0046 1837     		adds	r7, r7, #24
  85              	.LCFI3:
  86              		.cfi_def_cfa_offset 8
  87 0048 BD46     		mov	sp, r7
  88              	.LCFI4:
  89              		.cfi_def_cfa_register 13
  90              		@ sp needed
  91 004a 80BD     		pop	{r7, pc}
  92              	.L4:
  93              		.align	2
  94              	.L3:
  95 004c 00000000 		.word	hfdcan1
ARM GAS  C:\Users\AURORA~1\AppData\Local\Temp\cciGjpP0.s 			page 3


  96              		.cfi_endproc
  97              	.LFE132:
  99              		.section	.text.fdcan_send_message,"ax",%progbits
 100              		.align	1
 101              		.global	fdcan_send_message
 102              		.syntax unified
 103              		.thumb
 104              		.thumb_func
 106              	fdcan_send_message:
 107              	.LFB133:
  21:Bsp/bsp_fdcan/bsp_fdcan.c **** 
  22:Bsp/bsp_fdcan/bsp_fdcan.c **** void fdcan_send_message(FDCAN_HandleTypeDef *fdhcan, uint16_t tx_id, uint8_t *tx_data, uint32_t DLC
  23:Bsp/bsp_fdcan/bsp_fdcan.c **** {
 108              		.loc 1 23 1
 109              		.cfi_startproc
 110              		@ args = 0, pretend = 0, frame = 56
 111              		@ frame_needed = 1, uses_anonymous_args = 0
 112 0000 80B5     		push	{r7, lr}
 113              	.LCFI5:
 114              		.cfi_def_cfa_offset 8
 115              		.cfi_offset 7, -8
 116              		.cfi_offset 14, -4
 117 0002 8EB0     		sub	sp, sp, #56
 118              	.LCFI6:
 119              		.cfi_def_cfa_offset 64
 120 0004 00AF     		add	r7, sp, #0
 121              	.LCFI7:
 122              		.cfi_def_cfa_register 7
 123 0006 F860     		str	r0, [r7, #12]
 124 0008 7A60     		str	r2, [r7, #4]
 125 000a 3B60     		str	r3, [r7]
 126 000c 0B46     		mov	r3, r1	@ movhi
 127 000e 7B81     		strh	r3, [r7, #10]	@ movhi
  24:Bsp/bsp_fdcan/bsp_fdcan.c ****     // 创建发送数据的头部和帧
  25:Bsp/bsp_fdcan/bsp_fdcan.c ****     FDCAN_TxHeaderTypeDef txHeader;
  26:Bsp/bsp_fdcan/bsp_fdcan.c ****     // uint8_t txData[8] = {0xFF, 0xFF, 0xFF, 0xFF, 0xFF, 0xFF, 0xFF, 0xFC};
  27:Bsp/bsp_fdcan/bsp_fdcan.c **** 
  28:Bsp/bsp_fdcan/bsp_fdcan.c ****     // 配置 FDCAN 发送消息的头部
  29:Bsp/bsp_fdcan/bsp_fdcan.c ****     txHeader.Identifier = tx_id;  // 标准模式 CAN ID 为 0
 128              		.loc 1 29 25
 129 0010 7B89     		ldrh	r3, [r7, #10]
 130 0012 7B61     		str	r3, [r7, #20]
  30:Bsp/bsp_fdcan/bsp_fdcan.c ****     txHeader.IdType = FDCAN_STANDARD_ID;  // 标准ID
 131              		.loc 1 30 21
 132 0014 0023     		movs	r3, #0
 133 0016 BB61     		str	r3, [r7, #24]
  31:Bsp/bsp_fdcan/bsp_fdcan.c ****     txHeader.TxFrameType = FDCAN_DATA_FRAME;  // 数据帧
 134              		.loc 1 31 26
 135 0018 0023     		movs	r3, #0
 136 001a FB61     		str	r3, [r7, #28]
  32:Bsp/bsp_fdcan/bsp_fdcan.c ****     txHeader.DataLength = DLC;  // 数据长度为 8 字节
 137              		.loc 1 32 25
 138 001c 3B68     		ldr	r3, [r7]
 139 001e 3B62     		str	r3, [r7, #32]
  33:Bsp/bsp_fdcan/bsp_fdcan.c ****     txHeader.ErrorStateIndicator = FDCAN_ESI_ACTIVE;;  // 错误状态指示符
 140              		.loc 1 33 34
 141 0020 0023     		movs	r3, #0
ARM GAS  C:\Users\AURORA~1\AppData\Local\Temp\cciGjpP0.s 			page 4


 142 0022 7B62     		str	r3, [r7, #36]
  34:Bsp/bsp_fdcan/bsp_fdcan.c ****     txHeader.BitRateSwitch = FDCAN_BRS_OFF;  // 比特率切换
 143              		.loc 1 34 28
 144 0024 0023     		movs	r3, #0
 145 0026 BB62     		str	r3, [r7, #40]
  35:Bsp/bsp_fdcan/bsp_fdcan.c ****     txHeader.FDFormat = FDCAN_CLASSIC_CAN;  // 设置为经典CAN模式
 146              		.loc 1 35 23
 147 0028 0023     		movs	r3, #0
 148 002a FB62     		str	r3, [r7, #44]
  36:Bsp/bsp_fdcan/bsp_fdcan.c ****     txHeader.TxEventFifoControl = FDCAN_NO_TX_EVENTS,	// 不需要，禁用事件FIFO
 149              		.loc 1 36 33
 150 002c 0023     		movs	r3, #0
 151 002e 3B63     		str	r3, [r7, #48]
  37:Bsp/bsp_fdcan/bsp_fdcan.c ****     txHeader.MessageMarker = 0;                     	// 不使用消息标记
 152              		.loc 1 37 28
 153 0030 0023     		movs	r3, #0
 154 0032 7B63     		str	r3, [r7, #52]
  38:Bsp/bsp_fdcan/bsp_fdcan.c **** 
  39:Bsp/bsp_fdcan/bsp_fdcan.c ****     // // 发送消息到 FDCAN 发送队列
  40:Bsp/bsp_fdcan/bsp_fdcan.c ****     // if (HAL_FDCAN_AddMessageToTxFifoQ(&hfdcan1, &txHeader, txData) != HAL_OK)
  41:Bsp/bsp_fdcan/bsp_fdcan.c ****     // {
  42:Bsp/bsp_fdcan/bsp_fdcan.c ****     //     // 发送失败时处理
  43:Bsp/bsp_fdcan/bsp_fdcan.c ****     //     Error_Handler();
  44:Bsp/bsp_fdcan/bsp_fdcan.c ****     // }
  45:Bsp/bsp_fdcan/bsp_fdcan.c **** 
  46:Bsp/bsp_fdcan/bsp_fdcan.c ****     if (HAL_FDCAN_GetTxFifoFreeLevel(&hfdcan1) > 0) 
 155              		.loc 1 46 9
 156 0034 0848     		ldr	r0, .L8
 157 0036 FFF7FEFF 		bl	HAL_FDCAN_GetTxFifoFreeLevel
 158 003a 0346     		mov	r3, r0
 159              		.loc 1 46 8 discriminator 1
 160 003c 002B     		cmp	r3, #0
 161 003e 06D0     		beq	.L7
  47:Bsp/bsp_fdcan/bsp_fdcan.c ****     {
  48:Bsp/bsp_fdcan/bsp_fdcan.c ****         HAL_FDCAN_AddMessageToTxFifoQ(&hfdcan1, &txHeader, tx_data);
 162              		.loc 1 48 9
 163 0040 07F11403 		add	r3, r7, #20
 164 0044 7A68     		ldr	r2, [r7, #4]
 165 0046 1946     		mov	r1, r3
 166 0048 0348     		ldr	r0, .L8
 167 004a FFF7FEFF 		bl	HAL_FDCAN_AddMessageToTxFifoQ
 168              	.L7:
  49:Bsp/bsp_fdcan/bsp_fdcan.c ****     }
  50:Bsp/bsp_fdcan/bsp_fdcan.c **** 
  51:Bsp/bsp_fdcan/bsp_fdcan.c **** }
 169              		.loc 1 51 1
 170 004e 00BF     		nop
 171 0050 3837     		adds	r7, r7, #56
 172              	.LCFI8:
 173              		.cfi_def_cfa_offset 8
 174 0052 BD46     		mov	sp, r7
 175              	.LCFI9:
 176              		.cfi_def_cfa_register 13
 177              		@ sp needed
 178 0054 80BD     		pop	{r7, pc}
 179              	.L9:
 180 0056 00BF     		.align	2
ARM GAS  C:\Users\AURORA~1\AppData\Local\Temp\cciGjpP0.s 			page 5


 181              	.L8:
 182 0058 00000000 		.word	hfdcan1
 183              		.cfi_endproc
 184              	.LFE133:
 186              		.section	.text.HAL_FDCAN_RxFifo0Callback,"ax",%progbits
 187              		.align	1
 188              		.global	HAL_FDCAN_RxFifo0Callback
 189              		.syntax unified
 190              		.thumb
 191              		.thumb_func
 193              	HAL_FDCAN_RxFifo0Callback:
 194              	.LFB134:
  52:Bsp/bsp_fdcan/bsp_fdcan.c **** 
  53:Bsp/bsp_fdcan/bsp_fdcan.c **** void HAL_FDCAN_RxFifo0Callback(FDCAN_HandleTypeDef *hfdcan, uint32_t RxFifo0ITs)
  54:Bsp/bsp_fdcan/bsp_fdcan.c **** {
 195              		.loc 1 54 1
 196              		.cfi_startproc
 197              		@ args = 0, pretend = 0, frame = 8
 198              		@ frame_needed = 1, uses_anonymous_args = 0
 199 0000 80B5     		push	{r7, lr}
 200              	.LCFI10:
 201              		.cfi_def_cfa_offset 8
 202              		.cfi_offset 7, -8
 203              		.cfi_offset 14, -4
 204 0002 82B0     		sub	sp, sp, #8
 205              	.LCFI11:
 206              		.cfi_def_cfa_offset 16
 207 0004 00AF     		add	r7, sp, #0
 208              	.LCFI12:
 209              		.cfi_def_cfa_register 7
 210 0006 7860     		str	r0, [r7, #4]
 211 0008 3960     		str	r1, [r7]
  55:Bsp/bsp_fdcan/bsp_fdcan.c ****     if(hfdcan == &hfdcan1)
 212              		.loc 1 55 7
 213 000a 7B68     		ldr	r3, [r7, #4]
 214 000c 044A     		ldr	r2, .L13
 215 000e 9342     		cmp	r3, r2
 216 0010 01D1     		bne	.L12
  56:Bsp/bsp_fdcan/bsp_fdcan.c ****     {
  57:Bsp/bsp_fdcan/bsp_fdcan.c ****         fdcan1_rx_callback();
 217              		.loc 1 57 9
 218 0012 FFF7FEFF 		bl	fdcan1_rx_callback
 219              	.L12:
  58:Bsp/bsp_fdcan/bsp_fdcan.c ****     }
  59:Bsp/bsp_fdcan/bsp_fdcan.c **** }
 220              		.loc 1 59 1
 221 0016 00BF     		nop
 222 0018 0837     		adds	r7, r7, #8
 223              	.LCFI13:
 224              		.cfi_def_cfa_offset 8
 225 001a BD46     		mov	sp, r7
 226              	.LCFI14:
 227              		.cfi_def_cfa_register 13
 228              		@ sp needed
 229 001c 80BD     		pop	{r7, pc}
 230              	.L14:
 231 001e 00BF     		.align	2
ARM GAS  C:\Users\AURORA~1\AppData\Local\Temp\cciGjpP0.s 			page 6


 232              	.L13:
 233 0020 00000000 		.word	hfdcan1
 234              		.cfi_endproc
 235              	.LFE134:
 237              		.section	.text.FDCAN_Recieve_Message,"ax",%progbits
 238              		.align	1
 239              		.global	FDCAN_Recieve_Message
 240              		.syntax unified
 241              		.thumb
 242              		.thumb_func
 244              	FDCAN_Recieve_Message:
 245              	.LFB135:
  60:Bsp/bsp_fdcan/bsp_fdcan.c **** 
  61:Bsp/bsp_fdcan/bsp_fdcan.c **** void FDCAN_Recieve_Message(FDCAN_HandleTypeDef *hfdcan, uint16_t *rx_id, uint8_t *buff)
  62:Bsp/bsp_fdcan/bsp_fdcan.c **** {
 246              		.loc 1 62 1
 247              		.cfi_startproc
 248              		@ args = 0, pretend = 0, frame = 56
 249              		@ frame_needed = 1, uses_anonymous_args = 0
 250 0000 80B5     		push	{r7, lr}
 251              	.LCFI15:
 252              		.cfi_def_cfa_offset 8
 253              		.cfi_offset 7, -8
 254              		.cfi_offset 14, -4
 255 0002 8EB0     		sub	sp, sp, #56
 256              	.LCFI16:
 257              		.cfi_def_cfa_offset 64
 258 0004 00AF     		add	r7, sp, #0
 259              	.LCFI17:
 260              		.cfi_def_cfa_register 7
 261 0006 F860     		str	r0, [r7, #12]
 262 0008 B960     		str	r1, [r7, #8]
 263 000a 7A60     		str	r2, [r7, #4]
  63:Bsp/bsp_fdcan/bsp_fdcan.c ****     FDCAN_RxHeaderTypeDef rx_header;
  64:Bsp/bsp_fdcan/bsp_fdcan.c ****     if(HAL_FDCAN_GetRxMessage(hfdcan, FDCAN_RX_FIFO0, &rx_header, buff) == HAL_OK)
 264              		.loc 1 64 8
 265 000c 07F11002 		add	r2, r7, #16
 266 0010 7B68     		ldr	r3, [r7, #4]
 267 0012 4021     		movs	r1, #64
 268 0014 F868     		ldr	r0, [r7, #12]
 269 0016 FFF7FEFF 		bl	HAL_FDCAN_GetRxMessage
  65:Bsp/bsp_fdcan/bsp_fdcan.c ****     {
  66:Bsp/bsp_fdcan/bsp_fdcan.c ****         
  67:Bsp/bsp_fdcan/bsp_fdcan.c ****     }
  68:Bsp/bsp_fdcan/bsp_fdcan.c **** }
 270              		.loc 1 68 1
 271 001a 00BF     		nop
 272 001c 3837     		adds	r7, r7, #56
 273              	.LCFI18:
 274              		.cfi_def_cfa_offset 8
 275 001e BD46     		mov	sp, r7
 276              	.LCFI19:
 277              		.cfi_def_cfa_register 13
 278              		@ sp needed
 279 0020 80BD     		pop	{r7, pc}
 280              		.cfi_endproc
 281              	.LFE135:
ARM GAS  C:\Users\AURORA~1\AppData\Local\Temp\cciGjpP0.s 			page 7


 283              		.section	.text.fdcan1_rx_callback,"ax",%progbits
 284              		.align	1
 285              		.weak	fdcan1_rx_callback
 286              		.syntax unified
 287              		.thumb
 288              		.thumb_func
 290              	fdcan1_rx_callback:
 291              	.LFB136:
  69:Bsp/bsp_fdcan/bsp_fdcan.c **** 
  70:Bsp/bsp_fdcan/bsp_fdcan.c **** 
  71:Bsp/bsp_fdcan/bsp_fdcan.c **** /**
  72:Bsp/bsp_fdcan/bsp_fdcan.c **** ************************************************************************
  73:Bsp/bsp_fdcan/bsp_fdcan.c **** * @brief:      	fdcan1_rx_callback(void)
  74:Bsp/bsp_fdcan/bsp_fdcan.c **** * @param:       void
  75:Bsp/bsp_fdcan/bsp_fdcan.c **** * @retval:     	void
  76:Bsp/bsp_fdcan/bsp_fdcan.c **** * @details:    	供用户调用的接收弱函数
  77:Bsp/bsp_fdcan/bsp_fdcan.c **** ************************************************************************
  78:Bsp/bsp_fdcan/bsp_fdcan.c **** **/
  79:Bsp/bsp_fdcan/bsp_fdcan.c **** __weak void fdcan1_rx_callback(void)
  80:Bsp/bsp_fdcan/bsp_fdcan.c **** {
 292              		.loc 1 80 1
 293              		.cfi_startproc
 294              		@ args = 0, pretend = 0, frame = 0
 295              		@ frame_needed = 1, uses_anonymous_args = 0
 296              		@ link register save eliminated.
 297 0000 80B4     		push	{r7}
 298              	.LCFI20:
 299              		.cfi_def_cfa_offset 4
 300              		.cfi_offset 7, -4
 301 0002 00AF     		add	r7, sp, #0
 302              	.LCFI21:
 303              		.cfi_def_cfa_register 7
  81:Bsp/bsp_fdcan/bsp_fdcan.c **** 
  82:Bsp/bsp_fdcan/bsp_fdcan.c **** }...
 304              		.loc 1 82 1
 305 0004 00BF     		nop
 306 0006 BD46     		mov	sp, r7
 307              	.LCFI22:
 308              		.cfi_def_cfa_register 13
 309              		@ sp needed
 310 0008 5DF8047B 		ldr	r7, [sp], #4
 311              	.LCFI23:
 312              		.cfi_restore 7
 313              		.cfi_def_cfa_offset 0
 314 000c 7047     		bx	lr
 315              		.cfi_endproc
 316              	.LFE136:
 318              		.text
 319              	.Letext0:
 320              		.file 2 "D:/msys64/mingw64/arm-none-eabi/include/machine/_default_types.h"
 321              		.file 3 "D:/msys64/mingw64/arm-none-eabi/include/sys/_stdint.h"
 322              		.file 4 "Drivers/CMSIS/Device/ST/STM32G4xx/Include/stm32g474xx.h"
 323              		.file 5 "Drivers/CMSIS/Device/ST/STM32G4xx/Include/stm32g4xx.h"
 324              		.file 6 "Drivers/STM32G4xx_HAL_Driver/Inc/stm32g4xx_hal_def.h"
 325              		.file 7 "Drivers/STM32G4xx_HAL_Driver/Inc/stm32g4xx_hal_fdcan.h"
 326              		.file 8 "Core/Inc/fdcan.h"
 327              		.file 9 "Core/Inc/main.h"
ARM GAS  C:\Users\AURORA~1\AppData\Local\Temp\cciGjpP0.s 			page 8


ARM GAS  C:\Users\AURORA~1\AppData\Local\Temp\cciGjpP0.s 			page 9


DEFINED SYMBOLS
                            *ABS*:00000000 bsp_fdcan.c
C:\Users\AURORA~1\AppData\Local\Temp\cciGjpP0.s:21     .text.fdcan_user_init:00000000 $t
C:\Users\AURORA~1\AppData\Local\Temp\cciGjpP0.s:27     .text.fdcan_user_init:00000000 fdcan_user_init
C:\Users\AURORA~1\AppData\Local\Temp\cciGjpP0.s:95     .text.fdcan_user_init:0000004c $d
C:\Users\AURORA~1\AppData\Local\Temp\cciGjpP0.s:100    .text.fdcan_send_message:00000000 $t
C:\Users\AURORA~1\AppData\Local\Temp\cciGjpP0.s:106    .text.fdcan_send_message:00000000 fdcan_send_message
C:\Users\AURORA~1\AppData\Local\Temp\cciGjpP0.s:182    .text.fdcan_send_message:00000058 $d
C:\Users\AURORA~1\AppData\Local\Temp\cciGjpP0.s:187    .text.HAL_FDCAN_RxFifo0Callback:00000000 $t
C:\Users\AURORA~1\AppData\Local\Temp\cciGjpP0.s:193    .text.HAL_FDCAN_RxFifo0Callback:00000000 HAL_FDCAN_RxFifo0Callback
C:\Users\AURORA~1\AppData\Local\Temp\cciGjpP0.s:290    .text.fdcan1_rx_callback:00000000 fdcan1_rx_callback
C:\Users\AURORA~1\AppData\Local\Temp\cciGjpP0.s:233    .text.HAL_FDCAN_RxFifo0Callback:00000020 $d
C:\Users\AURORA~1\AppData\Local\Temp\cciGjpP0.s:238    .text.FDCAN_Recieve_Message:00000000 $t
C:\Users\AURORA~1\AppData\Local\Temp\cciGjpP0.s:244    .text.FDCAN_Recieve_Message:00000000 FDCAN_Recieve_Message
C:\Users\AURORA~1\AppData\Local\Temp\cciGjpP0.s:284    .text.fdcan1_rx_callback:00000000 $t

UNDEFINED SYMBOLS
HAL_FDCAN_ActivateNotification
HAL_FDCAN_ConfigFilter
Error_Handler
HAL_FDCAN_Start
hfdcan1
HAL_FDCAN_GetTxFifoFreeLevel
HAL_FDCAN_AddMessageToTxFifoQ
HAL_FDCAN_GetRxMessage
