ARM GAS  C:\Users\AURORA~1\AppData\Local\Temp\cc7I1EP9.s 			page 1


   1              		.cpu cortex-m4
   2              		.arch armv7e-m
   3              		.fpu fpv4-sp-d16
   4              		.eabi_attribute 27, 1
   5              		.eabi_attribute 28, 1
   6              		.eabi_attribute 20, 1
   7              		.eabi_attribute 21, 1
   8              		.eabi_attribute 23, 3
   9              		.eabi_attribute 24, 1
  10              		.eabi_attribute 25, 1
  11              		.eabi_attribute 26, 1
  12              		.eabi_attribute 30, 6
  13              		.eabi_attribute 34, 1
  14              		.eabi_attribute 18, 4
  15              		.file	"gpio.c"
  16              		.text
  17              	.Ltext0:
  18              		.cfi_sections	.debug_frame
  19              		.file 1 "Core/Src/gpio.c"
  20              		.section	.text.MX_GPIO_Init,"ax",%progbits
  21              		.align	1
  22              		.global	MX_GPIO_Init
  23              		.syntax unified
  24              		.thumb
  25              		.thumb_func
  27              	MX_GPIO_Init:
  28              	.LFB132:
   1:Core/Src/gpio.c **** /* USER CODE BEGIN Header */
   2:Core/Src/gpio.c **** /**
   3:Core/Src/gpio.c ****   ******************************************************************************
   4:Core/Src/gpio.c ****   * @file    gpio.c
   5:Core/Src/gpio.c ****   * @brief   This file provides code for the configuration
   6:Core/Src/gpio.c ****   *          of all used GPIO pins.
   7:Core/Src/gpio.c ****   ******************************************************************************
   8:Core/Src/gpio.c ****   * @attention
   9:Core/Src/gpio.c ****   *
  10:Core/Src/gpio.c ****   * Copyright (c) 2025 STMicroelectronics.
  11:Core/Src/gpio.c ****   * All rights reserved.
  12:Core/Src/gpio.c ****   *
  13:Core/Src/gpio.c ****   * This software is licensed under terms that can be found in the LICENSE file
  14:Core/Src/gpio.c ****   * in the root directory of this software component.
  15:Core/Src/gpio.c ****   * If no LICENSE file comes with this software, it is provided AS-IS.
  16:Core/Src/gpio.c ****   *
  17:Core/Src/gpio.c ****   ******************************************************************************
  18:Core/Src/gpio.c ****   */
  19:Core/Src/gpio.c **** /* USER CODE END Header */
  20:Core/Src/gpio.c **** 
  21:Core/Src/gpio.c **** /* Includes ------------------------------------------------------------------*/
  22:Core/Src/gpio.c **** #include "gpio.h"
  23:Core/Src/gpio.c **** 
  24:Core/Src/gpio.c **** /* USER CODE BEGIN 0 */
  25:Core/Src/gpio.c **** 
  26:Core/Src/gpio.c **** /* USER CODE END 0 */
  27:Core/Src/gpio.c **** 
  28:Core/Src/gpio.c **** /*----------------------------------------------------------------------------*/
  29:Core/Src/gpio.c **** /* Configure GPIO                                                             */
  30:Core/Src/gpio.c **** /*----------------------------------------------------------------------------*/
ARM GAS  C:\Users\AURORA~1\AppData\Local\Temp\cc7I1EP9.s 			page 2


  31:Core/Src/gpio.c **** /* USER CODE BEGIN 1 */
  32:Core/Src/gpio.c **** 
  33:Core/Src/gpio.c **** /* USER CODE END 1 */
  34:Core/Src/gpio.c **** 
  35:Core/Src/gpio.c **** /** Configure pins as
  36:Core/Src/gpio.c ****         * Analog
  37:Core/Src/gpio.c ****         * Input
  38:Core/Src/gpio.c ****         * Output
  39:Core/Src/gpio.c ****         * EVENT_OUT
  40:Core/Src/gpio.c ****         * EXTI
  41:Core/Src/gpio.c **** */
  42:Core/Src/gpio.c **** void MX_GPIO_Init(void)
  43:Core/Src/gpio.c **** {
  29              		.loc 1 43 1
  30              		.cfi_startproc
  31              		@ args = 0, pretend = 0, frame = 16
  32              		@ frame_needed = 1, uses_anonymous_args = 0
  33              		@ link register save eliminated.
  34 0000 80B4     		push	{r7}
  35              	.LCFI0:
  36              		.cfi_def_cfa_offset 4
  37              		.cfi_offset 7, -4
  38 0002 85B0     		sub	sp, sp, #20
  39              	.LCFI1:
  40              		.cfi_def_cfa_offset 24
  41 0004 00AF     		add	r7, sp, #0
  42              	.LCFI2:
  43              		.cfi_def_cfa_register 7
  44              	.LBB2:
  44:Core/Src/gpio.c **** 
  45:Core/Src/gpio.c ****   /* GPIO Ports Clock Enable */
  46:Core/Src/gpio.c ****   __HAL_RCC_GPIOF_CLK_ENABLE();
  45              		.loc 1 46 3
  46 0006 154B     		ldr	r3, .L2
  47 0008 DB6C     		ldr	r3, [r3, #76]
  48 000a 144A     		ldr	r2, .L2
  49 000c 43F02003 		orr	r3, r3, #32
  50 0010 D364     		str	r3, [r2, #76]
  51 0012 124B     		ldr	r3, .L2
  52 0014 DB6C     		ldr	r3, [r3, #76]
  53 0016 03F02003 		and	r3, r3, #32
  54 001a FB60     		str	r3, [r7, #12]
  55 001c FB68     		ldr	r3, [r7, #12]
  56              	.LBE2:
  57              	.LBB3:
  47:Core/Src/gpio.c ****   __HAL_RCC_GPIOA_CLK_ENABLE();
  58              		.loc 1 47 3
  59 001e 0F4B     		ldr	r3, .L2
  60 0020 DB6C     		ldr	r3, [r3, #76]
  61 0022 0E4A     		ldr	r2, .L2
  62 0024 43F00103 		orr	r3, r3, #1
  63 0028 D364     		str	r3, [r2, #76]
  64 002a 0C4B     		ldr	r3, .L2
  65 002c DB6C     		ldr	r3, [r3, #76]
  66 002e 03F00103 		and	r3, r3, #1
  67 0032 BB60     		str	r3, [r7, #8]
  68 0034 BB68     		ldr	r3, [r7, #8]
ARM GAS  C:\Users\AURORA~1\AppData\Local\Temp\cc7I1EP9.s 			page 3


  69              	.LBE3:
  70              	.LBB4:
  48:Core/Src/gpio.c ****   __HAL_RCC_GPIOB_CLK_ENABLE();
  71              		.loc 1 48 3
  72 0036 094B     		ldr	r3, .L2
  73 0038 DB6C     		ldr	r3, [r3, #76]
  74 003a 084A     		ldr	r2, .L2
  75 003c 43F00203 		orr	r3, r3, #2
  76 0040 D364     		str	r3, [r2, #76]
  77 0042 064B     		ldr	r3, .L2
  78 0044 DB6C     		ldr	r3, [r3, #76]
  79 0046 03F00203 		and	r3, r3, #2
  80 004a 7B60     		str	r3, [r7, #4]
  81 004c 7B68     		ldr	r3, [r7, #4]
  82              	.LBE4:
  49:Core/Src/gpio.c **** 
  50:Core/Src/gpio.c **** }
  83              		.loc 1 50 1
  84 004e 00BF     		nop
  85 0050 1437     		adds	r7, r7, #20
  86              	.LCFI3:
  87              		.cfi_def_cfa_offset 4
  88 0052 BD46     		mov	sp, r7
  89              	.LCFI4:
  90              		.cfi_def_cfa_register 13
  91              		@ sp needed
  92 0054 5DF8047B 		ldr	r7, [sp], #4
  93              	.LCFI5:
  94              		.cfi_restore 7
  95              		.cfi_def_cfa_offset 0
  96 0058 7047     		bx	lr
  97              	.L3:
  98 005a 00BF     		.align	2
  99              	.L2:
 100 005c 00100240 		.word	1073876992
 101              		.cfi_endproc
 102              	.LFE132:
 104              		.text
 105              	.Letext0:
 106              		.file 2 "D:/msys64/mingw64/arm-none-eabi/include/machine/_default_types.h"
 107              		.file 3 "D:/msys64/mingw64/arm-none-eabi/include/sys/_stdint.h"
 108              		.file 4 "Drivers/CMSIS/Device/ST/STM32G4xx/Include/stm32g474xx.h"
ARM GAS  C:\Users\AURORA~1\AppData\Local\Temp\cc7I1EP9.s 			page 4


DEFINED SYMBOLS
                            *ABS*:00000000 gpio.c
C:\Users\AURORA~1\AppData\Local\Temp\cc7I1EP9.s:21     .text.MX_GPIO_Init:00000000 $t
C:\Users\AURORA~1\AppData\Local\Temp\cc7I1EP9.s:27     .text.MX_GPIO_Init:00000000 MX_GPIO_Init
C:\Users\AURORA~1\AppData\Local\Temp\cc7I1EP9.s:100    .text.MX_GPIO_Init:0000005c $d

NO UNDEFINED SYMBOLS
