ARM GAS  C:\Users\AURORA~1\AppData\Local\Temp\cc0cVVWc.s 			page 1


   1              		.cpu cortex-m4
   2              		.arch armv7e-m
   3              		.fpu fpv4-sp-d16
   4              		.eabi_attribute 27, 1
   5              		.eabi_attribute 28, 1
   6              		.eabi_attribute 20, 1
   7              		.eabi_attribute 21, 1
   8              		.eabi_attribute 23, 3
   9              		.eabi_attribute 24, 1
  10              		.eabi_attribute 25, 1
  11              		.eabi_attribute 26, 1
  12              		.eabi_attribute 30, 6
  13              		.eabi_attribute 34, 1
  14              		.eabi_attribute 18, 4
  15              		.file	"stm32g4xx_hal_spi_ex.c"
  16              		.text
  17              	.Ltext0:
  18              		.cfi_sections	.debug_frame
  19              		.file 1 "Drivers/STM32G4xx_HAL_Driver/Src/stm32g4xx_hal_spi_ex.c"
  20              		.section	.text.HAL_SPIEx_FlushRxFifo,"ax",%progbits
  21              		.align	1
  22              		.global	HAL_SPIEx_FlushRxFifo
  23              		.syntax unified
  24              		.thumb
  25              		.thumb_func
  27              	HAL_SPIEx_FlushRxFifo:
  28              	.LFB132:
   1:Drivers/STM32G4xx_HAL_Driver/Src/stm32g4xx_hal_spi_ex.c **** /**
   2:Drivers/STM32G4xx_HAL_Driver/Src/stm32g4xx_hal_spi_ex.c ****   ******************************************************************************
   3:Drivers/STM32G4xx_HAL_Driver/Src/stm32g4xx_hal_spi_ex.c ****   * @file    stm32g4xx_hal_spi_ex.c
   4:Drivers/STM32G4xx_HAL_Driver/Src/stm32g4xx_hal_spi_ex.c ****   * @author  MCD Application Team
   5:Drivers/STM32G4xx_HAL_Driver/Src/stm32g4xx_hal_spi_ex.c ****   * @brief   Extended SPI HAL module driver.
   6:Drivers/STM32G4xx_HAL_Driver/Src/stm32g4xx_hal_spi_ex.c ****   *          This file provides firmware functions to manage the following
   7:Drivers/STM32G4xx_HAL_Driver/Src/stm32g4xx_hal_spi_ex.c ****   *          SPI peripheral extended functionalities :
   8:Drivers/STM32G4xx_HAL_Driver/Src/stm32g4xx_hal_spi_ex.c ****   *           + IO operation functions
   9:Drivers/STM32G4xx_HAL_Driver/Src/stm32g4xx_hal_spi_ex.c ****   *
  10:Drivers/STM32G4xx_HAL_Driver/Src/stm32g4xx_hal_spi_ex.c ****   ******************************************************************************
  11:Drivers/STM32G4xx_HAL_Driver/Src/stm32g4xx_hal_spi_ex.c ****   * @attention
  12:Drivers/STM32G4xx_HAL_Driver/Src/stm32g4xx_hal_spi_ex.c ****   *
  13:Drivers/STM32G4xx_HAL_Driver/Src/stm32g4xx_hal_spi_ex.c ****   * Copyright (c) 2019 STMicroelectronics.
  14:Drivers/STM32G4xx_HAL_Driver/Src/stm32g4xx_hal_spi_ex.c ****   * All rights reserved.
  15:Drivers/STM32G4xx_HAL_Driver/Src/stm32g4xx_hal_spi_ex.c ****   *
  16:Drivers/STM32G4xx_HAL_Driver/Src/stm32g4xx_hal_spi_ex.c ****   * This software is licensed under terms that can be found in the LICENSE file
  17:Drivers/STM32G4xx_HAL_Driver/Src/stm32g4xx_hal_spi_ex.c ****   * in the root directory of this software component.
  18:Drivers/STM32G4xx_HAL_Driver/Src/stm32g4xx_hal_spi_ex.c ****   * If no LICENSE file comes with this software, it is provided AS-IS.
  19:Drivers/STM32G4xx_HAL_Driver/Src/stm32g4xx_hal_spi_ex.c ****   *
  20:Drivers/STM32G4xx_HAL_Driver/Src/stm32g4xx_hal_spi_ex.c ****   ******************************************************************************
  21:Drivers/STM32G4xx_HAL_Driver/Src/stm32g4xx_hal_spi_ex.c ****   */
  22:Drivers/STM32G4xx_HAL_Driver/Src/stm32g4xx_hal_spi_ex.c **** 
  23:Drivers/STM32G4xx_HAL_Driver/Src/stm32g4xx_hal_spi_ex.c **** /* Includes ------------------------------------------------------------------*/
  24:Drivers/STM32G4xx_HAL_Driver/Src/stm32g4xx_hal_spi_ex.c **** #include "stm32g4xx_hal.h"
  25:Drivers/STM32G4xx_HAL_Driver/Src/stm32g4xx_hal_spi_ex.c **** 
  26:Drivers/STM32G4xx_HAL_Driver/Src/stm32g4xx_hal_spi_ex.c **** /** @addtogroup STM32G4xx_HAL_Driver
  27:Drivers/STM32G4xx_HAL_Driver/Src/stm32g4xx_hal_spi_ex.c ****   * @{
  28:Drivers/STM32G4xx_HAL_Driver/Src/stm32g4xx_hal_spi_ex.c ****   */
  29:Drivers/STM32G4xx_HAL_Driver/Src/stm32g4xx_hal_spi_ex.c **** 
  30:Drivers/STM32G4xx_HAL_Driver/Src/stm32g4xx_hal_spi_ex.c **** /** @defgroup SPIEx SPIEx
ARM GAS  C:\Users\AURORA~1\AppData\Local\Temp\cc0cVVWc.s 			page 2


  31:Drivers/STM32G4xx_HAL_Driver/Src/stm32g4xx_hal_spi_ex.c ****   * @brief SPI Extended HAL module driver
  32:Drivers/STM32G4xx_HAL_Driver/Src/stm32g4xx_hal_spi_ex.c ****   * @{
  33:Drivers/STM32G4xx_HAL_Driver/Src/stm32g4xx_hal_spi_ex.c ****   */
  34:Drivers/STM32G4xx_HAL_Driver/Src/stm32g4xx_hal_spi_ex.c **** #ifdef HAL_SPI_MODULE_ENABLED
  35:Drivers/STM32G4xx_HAL_Driver/Src/stm32g4xx_hal_spi_ex.c **** 
  36:Drivers/STM32G4xx_HAL_Driver/Src/stm32g4xx_hal_spi_ex.c **** /* Private typedef -----------------------------------------------------------*/
  37:Drivers/STM32G4xx_HAL_Driver/Src/stm32g4xx_hal_spi_ex.c **** /* Private defines -----------------------------------------------------------*/
  38:Drivers/STM32G4xx_HAL_Driver/Src/stm32g4xx_hal_spi_ex.c **** /** @defgroup SPIEx_Private_Constants SPIEx Private Constants
  39:Drivers/STM32G4xx_HAL_Driver/Src/stm32g4xx_hal_spi_ex.c ****   * @{
  40:Drivers/STM32G4xx_HAL_Driver/Src/stm32g4xx_hal_spi_ex.c ****   */
  41:Drivers/STM32G4xx_HAL_Driver/Src/stm32g4xx_hal_spi_ex.c **** #define SPI_FIFO_SIZE       4UL
  42:Drivers/STM32G4xx_HAL_Driver/Src/stm32g4xx_hal_spi_ex.c **** /**
  43:Drivers/STM32G4xx_HAL_Driver/Src/stm32g4xx_hal_spi_ex.c ****   * @}
  44:Drivers/STM32G4xx_HAL_Driver/Src/stm32g4xx_hal_spi_ex.c ****   */
  45:Drivers/STM32G4xx_HAL_Driver/Src/stm32g4xx_hal_spi_ex.c **** 
  46:Drivers/STM32G4xx_HAL_Driver/Src/stm32g4xx_hal_spi_ex.c **** /* Private macros ------------------------------------------------------------*/
  47:Drivers/STM32G4xx_HAL_Driver/Src/stm32g4xx_hal_spi_ex.c **** /* Private variables ---------------------------------------------------------*/
  48:Drivers/STM32G4xx_HAL_Driver/Src/stm32g4xx_hal_spi_ex.c **** /* Private function prototypes -----------------------------------------------*/
  49:Drivers/STM32G4xx_HAL_Driver/Src/stm32g4xx_hal_spi_ex.c **** /* Exported functions --------------------------------------------------------*/
  50:Drivers/STM32G4xx_HAL_Driver/Src/stm32g4xx_hal_spi_ex.c **** 
  51:Drivers/STM32G4xx_HAL_Driver/Src/stm32g4xx_hal_spi_ex.c **** /** @defgroup SPIEx_Exported_Functions SPIEx Exported Functions
  52:Drivers/STM32G4xx_HAL_Driver/Src/stm32g4xx_hal_spi_ex.c ****   * @{
  53:Drivers/STM32G4xx_HAL_Driver/Src/stm32g4xx_hal_spi_ex.c ****   */
  54:Drivers/STM32G4xx_HAL_Driver/Src/stm32g4xx_hal_spi_ex.c **** 
  55:Drivers/STM32G4xx_HAL_Driver/Src/stm32g4xx_hal_spi_ex.c **** /** @defgroup SPIEx_Exported_Functions_Group1 IO operation functions
  56:Drivers/STM32G4xx_HAL_Driver/Src/stm32g4xx_hal_spi_ex.c ****   *  @brief   Data transfers functions
  57:Drivers/STM32G4xx_HAL_Driver/Src/stm32g4xx_hal_spi_ex.c ****   *
  58:Drivers/STM32G4xx_HAL_Driver/Src/stm32g4xx_hal_spi_ex.c **** @verbatim
  59:Drivers/STM32G4xx_HAL_Driver/Src/stm32g4xx_hal_spi_ex.c ****   ==============================================================================
  60:Drivers/STM32G4xx_HAL_Driver/Src/stm32g4xx_hal_spi_ex.c ****                       ##### IO operation functions #####
  61:Drivers/STM32G4xx_HAL_Driver/Src/stm32g4xx_hal_spi_ex.c ****  ===============================================================================
  62:Drivers/STM32G4xx_HAL_Driver/Src/stm32g4xx_hal_spi_ex.c ****  [..]
  63:Drivers/STM32G4xx_HAL_Driver/Src/stm32g4xx_hal_spi_ex.c ****     This subsection provides a set of extended functions to manage the SPI
  64:Drivers/STM32G4xx_HAL_Driver/Src/stm32g4xx_hal_spi_ex.c ****     data transfers.
  65:Drivers/STM32G4xx_HAL_Driver/Src/stm32g4xx_hal_spi_ex.c **** 
  66:Drivers/STM32G4xx_HAL_Driver/Src/stm32g4xx_hal_spi_ex.c ****     (#) Rx data flush function:
  67:Drivers/STM32G4xx_HAL_Driver/Src/stm32g4xx_hal_spi_ex.c ****         (++) HAL_SPIEx_FlushRxFifo()
  68:Drivers/STM32G4xx_HAL_Driver/Src/stm32g4xx_hal_spi_ex.c **** 
  69:Drivers/STM32G4xx_HAL_Driver/Src/stm32g4xx_hal_spi_ex.c **** @endverbatim
  70:Drivers/STM32G4xx_HAL_Driver/Src/stm32g4xx_hal_spi_ex.c ****   * @{
  71:Drivers/STM32G4xx_HAL_Driver/Src/stm32g4xx_hal_spi_ex.c ****   */
  72:Drivers/STM32G4xx_HAL_Driver/Src/stm32g4xx_hal_spi_ex.c **** 
  73:Drivers/STM32G4xx_HAL_Driver/Src/stm32g4xx_hal_spi_ex.c **** /**
  74:Drivers/STM32G4xx_HAL_Driver/Src/stm32g4xx_hal_spi_ex.c ****   * @brief  Flush the RX fifo.
  75:Drivers/STM32G4xx_HAL_Driver/Src/stm32g4xx_hal_spi_ex.c ****   * @param  hspi pointer to a SPI_HandleTypeDef structure that contains
  76:Drivers/STM32G4xx_HAL_Driver/Src/stm32g4xx_hal_spi_ex.c ****   *               the configuration information for the specified SPI module.
  77:Drivers/STM32G4xx_HAL_Driver/Src/stm32g4xx_hal_spi_ex.c ****   * @retval HAL status
  78:Drivers/STM32G4xx_HAL_Driver/Src/stm32g4xx_hal_spi_ex.c ****   */
  79:Drivers/STM32G4xx_HAL_Driver/Src/stm32g4xx_hal_spi_ex.c **** HAL_StatusTypeDef HAL_SPIEx_FlushRxFifo(const SPI_HandleTypeDef *hspi)
  80:Drivers/STM32G4xx_HAL_Driver/Src/stm32g4xx_hal_spi_ex.c **** {
  29              		.loc 1 80 1
  30              		.cfi_startproc
  31              		@ args = 0, pretend = 0, frame = 16
  32              		@ frame_needed = 1, uses_anonymous_args = 0
  33              		@ link register save eliminated.
  34 0000 80B4     		push	{r7}
  35              	.LCFI0:
ARM GAS  C:\Users\AURORA~1\AppData\Local\Temp\cc0cVVWc.s 			page 3


  36              		.cfi_def_cfa_offset 4
  37              		.cfi_offset 7, -4
  38 0002 85B0     		sub	sp, sp, #20
  39              	.LCFI1:
  40              		.cfi_def_cfa_offset 24
  41 0004 00AF     		add	r7, sp, #0
  42              	.LCFI2:
  43              		.cfi_def_cfa_register 7
  44 0006 7860     		str	r0, [r7, #4]
  81:Drivers/STM32G4xx_HAL_Driver/Src/stm32g4xx_hal_spi_ex.c ****   __IO uint32_t tmpreg;
  82:Drivers/STM32G4xx_HAL_Driver/Src/stm32g4xx_hal_spi_ex.c ****   uint8_t  count = 0U;
  45              		.loc 1 82 12
  46 0008 0023     		movs	r3, #0
  47 000a FB73     		strb	r3, [r7, #15]
  83:Drivers/STM32G4xx_HAL_Driver/Src/stm32g4xx_hal_spi_ex.c ****   while ((hspi->Instance->SR & SPI_FLAG_FRLVL) !=  SPI_FRLVL_EMPTY)
  48              		.loc 1 83 9
  49 000c 0CE0     		b	.L2
  50              	.L4:
  84:Drivers/STM32G4xx_HAL_Driver/Src/stm32g4xx_hal_spi_ex.c ****   {
  85:Drivers/STM32G4xx_HAL_Driver/Src/stm32g4xx_hal_spi_ex.c ****     count++;
  51              		.loc 1 85 10
  52 000e FB7B     		ldrb	r3, [r7, #15]	@ zero_extendqisi2
  53 0010 0133     		adds	r3, r3, #1
  54 0012 FB73     		strb	r3, [r7, #15]
  86:Drivers/STM32G4xx_HAL_Driver/Src/stm32g4xx_hal_spi_ex.c ****     tmpreg = hspi->Instance->DR;
  55              		.loc 1 86 18
  56 0014 7B68     		ldr	r3, [r7, #4]
  57 0016 1B68     		ldr	r3, [r3]
  58              		.loc 1 86 28
  59 0018 DB68     		ldr	r3, [r3, #12]
  60              		.loc 1 86 12
  61 001a BB60     		str	r3, [r7, #8]
  87:Drivers/STM32G4xx_HAL_Driver/Src/stm32g4xx_hal_spi_ex.c ****     UNUSED(tmpreg); /* To avoid GCC warning */
  62              		.loc 1 87 5
  63 001c BB68     		ldr	r3, [r7, #8]
  88:Drivers/STM32G4xx_HAL_Driver/Src/stm32g4xx_hal_spi_ex.c ****     if (count == SPI_FIFO_SIZE)
  64              		.loc 1 88 8
  65 001e FB7B     		ldrb	r3, [r7, #15]	@ zero_extendqisi2
  66 0020 042B     		cmp	r3, #4
  67 0022 01D1     		bne	.L2
  89:Drivers/STM32G4xx_HAL_Driver/Src/stm32g4xx_hal_spi_ex.c ****     {
  90:Drivers/STM32G4xx_HAL_Driver/Src/stm32g4xx_hal_spi_ex.c ****       return HAL_TIMEOUT;
  68              		.loc 1 90 14
  69 0024 0323     		movs	r3, #3
  70 0026 07E0     		b	.L3
  71              	.L2:
  83:Drivers/STM32G4xx_HAL_Driver/Src/stm32g4xx_hal_spi_ex.c ****   {
  72              		.loc 1 83 15
  73 0028 7B68     		ldr	r3, [r7, #4]
  74 002a 1B68     		ldr	r3, [r3]
  83:Drivers/STM32G4xx_HAL_Driver/Src/stm32g4xx_hal_spi_ex.c ****   {
  75              		.loc 1 83 25
  76 002c 9B68     		ldr	r3, [r3, #8]
  83:Drivers/STM32G4xx_HAL_Driver/Src/stm32g4xx_hal_spi_ex.c ****   {
  77              		.loc 1 83 30
  78 002e 03F4C063 		and	r3, r3, #1536
  83:Drivers/STM32G4xx_HAL_Driver/Src/stm32g4xx_hal_spi_ex.c ****   {
ARM GAS  C:\Users\AURORA~1\AppData\Local\Temp\cc0cVVWc.s 			page 4


  79              		.loc 1 83 48
  80 0032 002B     		cmp	r3, #0
  81 0034 EBD1     		bne	.L4
  91:Drivers/STM32G4xx_HAL_Driver/Src/stm32g4xx_hal_spi_ex.c ****     }
  92:Drivers/STM32G4xx_HAL_Driver/Src/stm32g4xx_hal_spi_ex.c ****   }
  93:Drivers/STM32G4xx_HAL_Driver/Src/stm32g4xx_hal_spi_ex.c ****   return HAL_OK;
  82              		.loc 1 93 10
  83 0036 0023     		movs	r3, #0
  84              	.L3:
  94:Drivers/STM32G4xx_HAL_Driver/Src/stm32g4xx_hal_spi_ex.c **** }
  85              		.loc 1 94 1
  86 0038 1846     		mov	r0, r3
  87 003a 1437     		adds	r7, r7, #20
  88              	.LCFI3:
  89              		.cfi_def_cfa_offset 4
  90 003c BD46     		mov	sp, r7
  91              	.LCFI4:
  92              		.cfi_def_cfa_register 13
  93              		@ sp needed
  94 003e 5DF8047B 		ldr	r7, [sp], #4
  95              	.LCFI5:
  96              		.cfi_restore 7
  97              		.cfi_def_cfa_offset 0
  98 0042 7047     		bx	lr
  99              		.cfi_endproc
 100              	.LFE132:
 102              		.text
 103              	.Letext0:
 104              		.file 2 "D:/msys64/mingw64/arm-none-eabi/include/machine/_default_types.h"
 105              		.file 3 "D:/msys64/mingw64/arm-none-eabi/include/sys/_stdint.h"
 106              		.file 4 "Drivers/CMSIS/Device/ST/STM32G4xx/Include/stm32g474xx.h"
 107              		.file 5 "Drivers/STM32G4xx_HAL_Driver/Inc/stm32g4xx_hal_def.h"
 108              		.file 6 "Drivers/STM32G4xx_HAL_Driver/Inc/stm32g4xx_hal_dma.h"
 109              		.file 7 "Drivers/STM32G4xx_HAL_Driver/Inc/stm32g4xx_hal_spi.h"
ARM GAS  C:\Users\AURORA~1\AppData\Local\Temp\cc0cVVWc.s 			page 5


DEFINED SYMBOLS
                            *ABS*:00000000 stm32g4xx_hal_spi_ex.c
C:\Users\AURORA~1\AppData\Local\Temp\cc0cVVWc.s:21     .text.HAL_SPIEx_FlushRxFifo:00000000 $t
C:\Users\AURORA~1\AppData\Local\Temp\cc0cVVWc.s:27     .text.HAL_SPIEx_FlushRxFifo:00000000 HAL_SPIEx_FlushRxFifo

NO UNDEFINED SYMBOLS
