ARM GAS  C:\Users\AURORA~1\AppData\Local\Temp\ccP5u57P.s 			page 1


   1              		.cpu cortex-m4
   2              		.arch armv7e-m
   3              		.fpu fpv4-sp-d16
   4              		.eabi_attribute 27, 1
   5              		.eabi_attribute 28, 1
   6              		.eabi_attribute 20, 1
   7              		.eabi_attribute 21, 1
   8              		.eabi_attribute 23, 3
   9              		.eabi_attribute 24, 1
  10              		.eabi_attribute 25, 1
  11              		.eabi_attribute 26, 1
  12              		.eabi_attribute 30, 6
  13              		.eabi_attribute 34, 1
  14              		.eabi_attribute 18, 4
  15              		.file	"stm32g4xx_hal_msp.c"
  16              		.text
  17              	.Ltext0:
  18              		.cfi_sections	.debug_frame
  19              		.file 1 "Core/Src/stm32g4xx_hal_msp.c"
  20              		.section	.text.HAL_MspInit,"ax",%progbits
  21              		.align	1
  22              		.global	HAL_MspInit
  23              		.syntax unified
  24              		.thumb
  25              		.thumb_func
  27              	HAL_MspInit:
  28              	.LFB132:
   1:Core/Src/stm32g4xx_hal_msp.c **** /* USER CODE BEGIN Header */
   2:Core/Src/stm32g4xx_hal_msp.c **** /**
   3:Core/Src/stm32g4xx_hal_msp.c ****   ******************************************************************************
   4:Core/Src/stm32g4xx_hal_msp.c ****   * @file         stm32g4xx_hal_msp.c
   5:Core/Src/stm32g4xx_hal_msp.c ****   * @brief        This file provides code for the MSP Initialization
   6:Core/Src/stm32g4xx_hal_msp.c ****   *               and de-Initialization codes.
   7:Core/Src/stm32g4xx_hal_msp.c ****   ******************************************************************************
   8:Core/Src/stm32g4xx_hal_msp.c ****   * @attention
   9:Core/Src/stm32g4xx_hal_msp.c ****   *
  10:Core/Src/stm32g4xx_hal_msp.c ****   * Copyright (c) 2025 STMicroelectronics.
  11:Core/Src/stm32g4xx_hal_msp.c ****   * All rights reserved.
  12:Core/Src/stm32g4xx_hal_msp.c ****   *
  13:Core/Src/stm32g4xx_hal_msp.c ****   * This software is licensed under terms that can be found in the LICENSE file
  14:Core/Src/stm32g4xx_hal_msp.c ****   * in the root directory of this software component.
  15:Core/Src/stm32g4xx_hal_msp.c ****   * If no LICENSE file comes with this software, it is provided AS-IS.
  16:Core/Src/stm32g4xx_hal_msp.c ****   *
  17:Core/Src/stm32g4xx_hal_msp.c ****   ******************************************************************************
  18:Core/Src/stm32g4xx_hal_msp.c ****   */
  19:Core/Src/stm32g4xx_hal_msp.c **** /* USER CODE END Header */
  20:Core/Src/stm32g4xx_hal_msp.c **** 
  21:Core/Src/stm32g4xx_hal_msp.c **** /* Includes ------------------------------------------------------------------*/
  22:Core/Src/stm32g4xx_hal_msp.c **** #include "main.h"
  23:Core/Src/stm32g4xx_hal_msp.c **** /* USER CODE BEGIN Includes */
  24:Core/Src/stm32g4xx_hal_msp.c **** 
  25:Core/Src/stm32g4xx_hal_msp.c **** /* USER CODE END Includes */
  26:Core/Src/stm32g4xx_hal_msp.c **** 
  27:Core/Src/stm32g4xx_hal_msp.c **** /* Private typedef -----------------------------------------------------------*/
  28:Core/Src/stm32g4xx_hal_msp.c **** /* USER CODE BEGIN TD */
  29:Core/Src/stm32g4xx_hal_msp.c **** 
  30:Core/Src/stm32g4xx_hal_msp.c **** /* USER CODE END TD */
ARM GAS  C:\Users\AURORA~1\AppData\Local\Temp\ccP5u57P.s 			page 2


  31:Core/Src/stm32g4xx_hal_msp.c **** 
  32:Core/Src/stm32g4xx_hal_msp.c **** /* Private define ------------------------------------------------------------*/
  33:Core/Src/stm32g4xx_hal_msp.c **** /* USER CODE BEGIN Define */
  34:Core/Src/stm32g4xx_hal_msp.c **** 
  35:Core/Src/stm32g4xx_hal_msp.c **** /* USER CODE END Define */
  36:Core/Src/stm32g4xx_hal_msp.c **** 
  37:Core/Src/stm32g4xx_hal_msp.c **** /* Private macro -------------------------------------------------------------*/
  38:Core/Src/stm32g4xx_hal_msp.c **** /* USER CODE BEGIN Macro */
  39:Core/Src/stm32g4xx_hal_msp.c **** 
  40:Core/Src/stm32g4xx_hal_msp.c **** /* USER CODE END Macro */
  41:Core/Src/stm32g4xx_hal_msp.c **** 
  42:Core/Src/stm32g4xx_hal_msp.c **** /* Private variables ---------------------------------------------------------*/
  43:Core/Src/stm32g4xx_hal_msp.c **** /* USER CODE BEGIN PV */
  44:Core/Src/stm32g4xx_hal_msp.c **** 
  45:Core/Src/stm32g4xx_hal_msp.c **** /* USER CODE END PV */
  46:Core/Src/stm32g4xx_hal_msp.c **** 
  47:Core/Src/stm32g4xx_hal_msp.c **** /* Private function prototypes -----------------------------------------------*/
  48:Core/Src/stm32g4xx_hal_msp.c **** /* USER CODE BEGIN PFP */
  49:Core/Src/stm32g4xx_hal_msp.c **** 
  50:Core/Src/stm32g4xx_hal_msp.c **** /* USER CODE END PFP */
  51:Core/Src/stm32g4xx_hal_msp.c **** 
  52:Core/Src/stm32g4xx_hal_msp.c **** /* External functions --------------------------------------------------------*/
  53:Core/Src/stm32g4xx_hal_msp.c **** /* USER CODE BEGIN ExternalFunctions */
  54:Core/Src/stm32g4xx_hal_msp.c **** 
  55:Core/Src/stm32g4xx_hal_msp.c **** /* USER CODE END ExternalFunctions */
  56:Core/Src/stm32g4xx_hal_msp.c **** 
  57:Core/Src/stm32g4xx_hal_msp.c **** /* USER CODE BEGIN 0 */
  58:Core/Src/stm32g4xx_hal_msp.c **** 
  59:Core/Src/stm32g4xx_hal_msp.c **** /* USER CODE END 0 */
  60:Core/Src/stm32g4xx_hal_msp.c **** /**
  61:Core/Src/stm32g4xx_hal_msp.c ****   * Initializes the Global MSP.
  62:Core/Src/stm32g4xx_hal_msp.c ****   */
  63:Core/Src/stm32g4xx_hal_msp.c **** void HAL_MspInit(void)
  64:Core/Src/stm32g4xx_hal_msp.c **** {
  29              		.loc 1 64 1
  30              		.cfi_startproc
  31              		@ args = 0, pretend = 0, frame = 8
  32              		@ frame_needed = 1, uses_anonymous_args = 0
  33 0000 80B5     		push	{r7, lr}
  34              	.LCFI0:
  35              		.cfi_def_cfa_offset 8
  36              		.cfi_offset 7, -8
  37              		.cfi_offset 14, -4
  38 0002 82B0     		sub	sp, sp, #8
  39              	.LCFI1:
  40              		.cfi_def_cfa_offset 16
  41 0004 00AF     		add	r7, sp, #0
  42              	.LCFI2:
  43              		.cfi_def_cfa_register 7
  44              	.LBB2:
  65:Core/Src/stm32g4xx_hal_msp.c **** 
  66:Core/Src/stm32g4xx_hal_msp.c ****   /* USER CODE BEGIN MspInit 0 */
  67:Core/Src/stm32g4xx_hal_msp.c **** 
  68:Core/Src/stm32g4xx_hal_msp.c ****   /* USER CODE END MspInit 0 */
  69:Core/Src/stm32g4xx_hal_msp.c **** 
  70:Core/Src/stm32g4xx_hal_msp.c ****   __HAL_RCC_SYSCFG_CLK_ENABLE();
  45              		.loc 1 70 3
ARM GAS  C:\Users\AURORA~1\AppData\Local\Temp\ccP5u57P.s 			page 3


  46 0006 0F4B     		ldr	r3, .L2
  47 0008 1B6E     		ldr	r3, [r3, #96]
  48 000a 0E4A     		ldr	r2, .L2
  49 000c 43F00103 		orr	r3, r3, #1
  50 0010 1366     		str	r3, [r2, #96]
  51 0012 0C4B     		ldr	r3, .L2
  52 0014 1B6E     		ldr	r3, [r3, #96]
  53 0016 03F00103 		and	r3, r3, #1
  54 001a 7B60     		str	r3, [r7, #4]
  55 001c 7B68     		ldr	r3, [r7, #4]
  56              	.LBE2:
  57              	.LBB3:
  71:Core/Src/stm32g4xx_hal_msp.c ****   __HAL_RCC_PWR_CLK_ENABLE();
  58              		.loc 1 71 3
  59 001e 094B     		ldr	r3, .L2
  60 0020 9B6D     		ldr	r3, [r3, #88]
  61 0022 084A     		ldr	r2, .L2
  62 0024 43F08053 		orr	r3, r3, #268435456
  63 0028 9365     		str	r3, [r2, #88]
  64 002a 064B     		ldr	r3, .L2
  65 002c 9B6D     		ldr	r3, [r3, #88]
  66 002e 03F08053 		and	r3, r3, #268435456
  67 0032 3B60     		str	r3, [r7]
  68 0034 3B68     		ldr	r3, [r7]
  69              	.LBE3:
  72:Core/Src/stm32g4xx_hal_msp.c **** 
  73:Core/Src/stm32g4xx_hal_msp.c ****   /* System interrupt init*/
  74:Core/Src/stm32g4xx_hal_msp.c **** 
  75:Core/Src/stm32g4xx_hal_msp.c ****   /** Disable the internal Pull-Up in Dead Battery pins of UCPD peripheral
  76:Core/Src/stm32g4xx_hal_msp.c ****   */
  77:Core/Src/stm32g4xx_hal_msp.c ****   HAL_PWREx_DisableUCPDDeadBattery();
  70              		.loc 1 77 3
  71 0036 FFF7FEFF 		bl	HAL_PWREx_DisableUCPDDeadBattery
  78:Core/Src/stm32g4xx_hal_msp.c **** 
  79:Core/Src/stm32g4xx_hal_msp.c ****   /* USER CODE BEGIN MspInit 1 */
  80:Core/Src/stm32g4xx_hal_msp.c **** 
  81:Core/Src/stm32g4xx_hal_msp.c ****   /* USER CODE END MspInit 1 */
  82:Core/Src/stm32g4xx_hal_msp.c **** }
  72              		.loc 1 82 1
  73 003a 00BF     		nop
  74 003c 0837     		adds	r7, r7, #8
  75              	.LCFI3:
  76              		.cfi_def_cfa_offset 8
  77 003e BD46     		mov	sp, r7
  78              	.LCFI4:
  79              		.cfi_def_cfa_register 13
  80              		@ sp needed
  81 0040 80BD     		pop	{r7, pc}
  82              	.L3:
  83 0042 00BF     		.align	2
  84              	.L2:
  85 0044 00100240 		.word	1073876992
  86              		.cfi_endproc
  87              	.LFE132:
  89              		.text
  90              	.Letext0:
  91              		.file 2 "D:/msys64/mingw64/arm-none-eabi/include/machine/_default_types.h"
ARM GAS  C:\Users\AURORA~1\AppData\Local\Temp\ccP5u57P.s 			page 4


  92              		.file 3 "D:/msys64/mingw64/arm-none-eabi/include/sys/_stdint.h"
  93              		.file 4 "Drivers/CMSIS/Device/ST/STM32G4xx/Include/stm32g474xx.h"
  94              		.file 5 "Drivers/STM32G4xx_HAL_Driver/Inc/stm32g4xx_hal_pwr_ex.h"
ARM GAS  C:\Users\AURORA~1\AppData\Local\Temp\ccP5u57P.s 			page 5


DEFINED SYMBOLS
                            *ABS*:00000000 stm32g4xx_hal_msp.c
C:\Users\AURORA~1\AppData\Local\Temp\ccP5u57P.s:21     .text.HAL_MspInit:00000000 $t
C:\Users\AURORA~1\AppData\Local\Temp\ccP5u57P.s:27     .text.HAL_MspInit:00000000 HAL_MspInit
C:\Users\AURORA~1\AppData\Local\Temp\ccP5u57P.s:85     .text.HAL_MspInit:00000044 $d

UNDEFINED SYMBOLS
HAL_PWREx_DisableUCPDDeadBattery
